#
# There is insufficient memory for the Java Runtime Environment to continue.
# Native memory allocation (malloc) failed to allocate 1337968 bytes for Chunk::new
# Possible reasons:
#   The system is out of physical RAM or swap space
#   The process is running with CompressedOops enabled, and the Java Heap may be blocking the growth of the native heap
# Possible solutions:
#   Reduce memory load on the system
#   Increase physical memory or swap space
#   Check if swap backing store is full
#   Decrease Java heap size (-Xmx/-Xms)
#   Decrease number of Java threads
#   Decrease Java thread stack sizes (-Xss)
#   Set larger code cache with -XX:ReservedCodeCacheSize=
#   JVM is running with Unscaled Compressed Oops mode in which the Java heap is
#     placed in the first 4GB address space. The Java Heap base address is the
#     maximum limit for the native heap growth. Please use -XX:HeapBaseMinAddress
#     to set the Java Heap base and to place the Java Heap above 4GB virtual address.
# This output file may be truncated or incomplete.
#
#  Out of Memory Error (allocation.cpp:389), pid=16368, tid=0x0000000000003cd8
#
# JRE version: Java(TM) SE Runtime Environment (8.0_202-b08) (build 1.8.0_202-b08)
# Java VM: Java HotSpot(TM) 64-Bit Server VM (25.202-b08 mixed mode windows-amd64 compressed oops)
# Failed to write core dump. Minidumps are not enabled by default on client versions of Windows
#

---------------  T H R E A D  ---------------

Current thread (0x00000000188c2000):  JavaThread "C2 CompilerThread0" daemon [_thread_in_native, id=15576, stack(0x0000000019330000,0x0000000019430000)]

Stack: [0x0000000019330000,0x0000000019430000]
[error occurred during error reporting (printing stack bounds), id 0xc0000005]

Native frames: (J=compiled Java code, j=interpreted, Vv=VM code, C=native code)


Current CompileTask:
C2:  53037 8092   !   4       org.eclipse.osgi.internal.loader.classpath.ClasspathManager::defineClass (636 bytes)


---------------  P R O C E S S  ---------------

Java Threads: ( => current thread )
  0x0000000022093800 JavaThread "RxNewThreadScheduler-1" daemon [_thread_in_native, id=3088, stack(0x00000000240a0000,0x00000000241a0000)]
  0x0000000022099800 JavaThread "RxCachedWorkerPoolEvictor-1" daemon [_thread_blocked, id=12776, stack(0x0000000023fa0000,0x00000000240a0000)]
  0x0000000022098800 JavaThread "RxSchedulerPurge-1" daemon [_thread_blocked, id=15176, stack(0x0000000023ea0000,0x0000000023fa0000)]
  0x0000000022094000 JavaThread "pool-2-thread-1" [_thread_in_native, id=9248, stack(0x0000000023da0000,0x0000000023ea0000)]
  0x0000000022097000 JavaThread "Java Debug Server" daemon [_thread_in_native, id=10960, stack(0x0000000023ca0000,0x0000000023da0000)]
  0x000000002209a000 JavaThread "ForkJoinPool.commonPool-worker-3" daemon [_thread_blocked, id=15436, stack(0x0000000023ba0000,0x0000000023ca0000)]
  0x000000001a9a7000 JavaThread "Worker-6" [_thread_blocked, id=10752, stack(0x0000000021480000,0x0000000021580000)]
  0x000000001a9a4800 JavaThread "Worker-5" [_thread_blocked, id=10708, stack(0x0000000020d80000,0x0000000020e80000)]
  0x000000001a9a8000 JavaThread "pool-1-thread-1" [_thread_in_native, id=4068, stack(0x0000000020c80000,0x0000000020d80000)]
  0x000000001a9a1800 JavaThread "Worker-4" [_thread_blocked, id=5260, stack(0x000000001fae0000,0x000000001fbe0000)]
  0x000000001aa5b800 JavaThread "Worker-3" [_thread_blocked, id=14352, stack(0x000000001f5d0000,0x000000001f6d0000)]
  0x000000001a187800 JavaThread "Bundle File Closer" daemon [_thread_blocked, id=15880, stack(0x000000001d7f0000,0x000000001d8f0000)]
  0x000000001bc41800 JavaThread "Worker-2" [_thread_blocked, id=14064, stack(0x000000001d6f0000,0x000000001d7f0000)]
  0x000000001c17d000 JavaThread "Java indexing" daemon [_thread_blocked, id=8640, stack(0x000000001d5f0000,0x000000001d6f0000)]
  0x000000001a6af000 JavaThread "Worker-1" [_thread_blocked, id=12416, stack(0x000000001d2f0000,0x000000001d3f0000)]
  0x000000001a6ad000 JavaThread "Worker-0" [_thread_blocked, id=2708, stack(0x000000001cff0000,0x000000001d0f0000)]
  0x000000001ae73000 JavaThread "Worker-JM" [_thread_blocked, id=14548, stack(0x000000001b7a0000,0x000000001b8a0000)]
  0x000000001a5b5000 JavaThread "Start Level: Equinox Container: 66c0b400-3762-4877-9565-db117e8f273f" daemon [_thread_blocked, id=13980, stack(0x000000001b6a0000,0x000000001b7a0000)]
  0x0000000019c4b800 JavaThread "Framework Event Dispatcher: Equinox Container: 66c0b400-3762-4877-9565-db117e8f273f" daemon [_thread_blocked, id=15496, stack(0x000000001b5a0000,0x000000001b6a0000)]
  0x000000001a30a000 JavaThread "Active Thread: Equinox Container: 66c0b400-3762-4877-9565-db117e8f273f" [_thread_blocked, id=4876, stack(0x000000001b4a0000,0x000000001b5a0000)]
  0x00000000189e9000 JavaThread "Service Thread" daemon [_thread_blocked, id=1216, stack(0x0000000019e30000,0x0000000019f30000)]
  0x00000000188b9000 JavaThread "C1 CompilerThread2" daemon [_thread_blocked, id=15920, stack(0x0000000019530000,0x0000000019630000)]
  0x00000000188c7800 JavaThread "C2 CompilerThread1" daemon [_thread_blocked, id=12948, stack(0x0000000019430000,0x0000000019530000)]
=>0x00000000188c2000 JavaThread "C2 CompilerThread0" daemon [_thread_in_native, id=15576, stack(0x0000000019330000,0x0000000019430000)]
  0x0000000018859800 JavaThread "Attach Listener" daemon [_thread_blocked, id=11448, stack(0x0000000019230000,0x0000000019330000)]
  0x0000000018856800 JavaThread "Signal Dispatcher" daemon [_thread_blocked, id=15680, stack(0x0000000019130000,0x0000000019230000)]
  0x0000000018852800 JavaThread "Surrogate Locker Thread (Concurrent GC)" daemon [_thread_blocked, id=10648, stack(0x0000000019030000,0x0000000019130000)]
  0x00000000187ed800 JavaThread "Finalizer" daemon [_thread_blocked, id=9584, stack(0x0000000018d10000,0x0000000018e10000)]
  0x00000000187e1000 JavaThread "Reference Handler" daemon [_thread_blocked, id=10576, stack(0x0000000018c10000,0x0000000018d10000)]
  0x00000000027ee800 JavaThread "main" [_thread_blocked, id=13112, stack(0x0000000002900000,0x0000000002a00000)]

Other Threads:
  0x00000000187d9000 VMThread [stack: 0x0000000018b10000,0x0000000018c10000] [id=15916]
  0x00000000189ee000 WatcherThread [stack: 0x0000000019f30000,0x000000001a030000] [id=9816]

VM state:not at safepoint (normal execution)

VM Mutex/Monitor currently owned by a thread: None

heap address: 0x00000000c0000000, size: 1024 MB, Compressed Oops mode: 32-bit
Narrow klass base: 0x0000000000000000, Narrow klass shift: 3
Compressed class space size: 1073741824 Address: 0x0000000100000000

Heap:
 garbage-first heap   total 162816K, used 107520K [0x00000000c0000000, 0x00000000c01004f8, 0x0000000100000000)
  region size 1024K, 36 young (36864K), 1 survivors (1024K)
 Metaspace       used 57351K, capacity 60844K, committed 61084K, reserved 1103872K
  class space    used 6000K, capacity 7089K, committed 7116K, reserved 1048576K

Heap Regions: (Y=young(eden), SU=young(survivor), HS=humongous(starts), HC=humongous(continues), CS=collection set, F=free, TS=gc time stamp, PTAMS=previous top-at-mark-start, NTAMS=next top-at-mark-start)
AC   0  O    TS     0 PTAMS 0x00000000c0100000 NTAMS 0x00000000c0100000 space 1024K, 100% used [0x00000000c0000000, 0x00000000c0100000)
AC   0  O    TS     0 PTAMS 0x00000000c0200000 NTAMS 0x00000000c0200000 space 1024K, 100% used [0x00000000c0100000, 0x00000000c0200000)
AC   0  O    TS     0 PTAMS 0x00000000c0300000 NTAMS 0x00000000c0300000 space 1024K, 100% used [0x00000000c0200000, 0x00000000c0300000)
AC   0  O    TS     0 PTAMS 0x00000000c0400000 NTAMS 0x00000000c0400000 space 1024K, 100% used [0x00000000c0300000, 0x00000000c0400000)
AC   0  O    TS     0 PTAMS 0x00000000c0500000 NTAMS 0x00000000c0500000 space 1024K, 100% used [0x00000000c0400000, 0x00000000c0500000)
AC   0  O    TS     0 PTAMS 0x00000000c0600000 NTAMS 0x00000000c0600000 space 1024K, 100% used [0x00000000c0500000, 0x00000000c0600000)
AC   0  O    TS     0 PTAMS 0x00000000c0700000 NTAMS 0x00000000c0700000 space 1024K, 100% used [0x00000000c0600000, 0x00000000c0700000)
AC   0  O    TS     3 PTAMS 0x00000000c0700000 NTAMS 0x00000000c0700000 space 1024K, 100% used [0x00000000c0700000, 0x00000000c0800000)
AC   0  O    TS     0 PTAMS 0x00000000c0900000 NTAMS 0x00000000c0900000 space 1024K, 100% used [0x00000000c0800000, 0x00000000c0900000)
AC   0  O    TS     0 PTAMS 0x00000000c0a00000 NTAMS 0x00000000c0a00000 space 1024K, 100% used [0x00000000c0900000, 0x00000000c0a00000)
AC   0  O    TS     0 PTAMS 0x00000000c0b00000 NTAMS 0x00000000c0b00000 space 1024K, 100% used [0x00000000c0a00000, 0x00000000c0b00000)
AC   0  O    TS     0 PTAMS 0x00000000c0c00000 NTAMS 0x00000000c0c00000 space 1024K, 100% used [0x00000000c0b00000, 0x00000000c0c00000)
AC   0  O    TS     0 PTAMS 0x00000000c0d00000 NTAMS 0x00000000c0d00000 space 1024K, 100% used [0x00000000c0c00000, 0x00000000c0d00000)
AC   0  O    TS     0 PTAMS 0x00000000c0e00000 NTAMS 0x00000000c0e00000 space 1024K, 100% used [0x00000000c0d00000, 0x00000000c0e00000)
AC   0  O    TS     0 PTAMS 0x00000000c0f00000 NTAMS 0x00000000c0f00000 space 1024K, 100% used [0x00000000c0e00000, 0x00000000c0f00000)
AC   0  O    TS     0 PTAMS 0x00000000c1000000 NTAMS 0x00000000c1000000 space 1024K, 100% used [0x00000000c0f00000, 0x00000000c1000000)
AC   0  O    TS     0 PTAMS 0x00000000c1100000 NTAMS 0x00000000c1100000 space 1024K, 100% used [0x00000000c1000000, 0x00000000c1100000)
AC   0  O    TS     0 PTAMS 0x00000000c1200000 NTAMS 0x00000000c1200000 space 1024K, 100% used [0x00000000c1100000, 0x00000000c1200000)
AC   0  O    TS     0 PTAMS 0x00000000c1300000 NTAMS 0x00000000c1300000 space 1024K, 100% used [0x00000000c1200000, 0x00000000c1300000)
AC   0  O    TS     0 PTAMS 0x00000000c1400000 NTAMS 0x00000000c1400000 space 1024K, 100% used [0x00000000c1300000, 0x00000000c1400000)
AC   0  O    TS     0 PTAMS 0x00000000c1500000 NTAMS 0x00000000c1500000 space 1024K, 100% used [0x00000000c1400000, 0x00000000c1500000)
AC   0  O    TS     0 PTAMS 0x00000000c1600000 NTAMS 0x00000000c1600000 space 1024K, 100% used [0x00000000c1500000, 0x00000000c1600000)
AC   0  O    TS     0 PTAMS 0x00000000c1700000 NTAMS 0x00000000c1700000 space 1024K, 100% used [0x00000000c1600000, 0x00000000c1700000)
AC   0  O    TS     0 PTAMS 0x00000000c1800000 NTAMS 0x00000000c1800000 space 1024K, 100% used [0x00000000c1700000, 0x00000000c1800000)
AC   0 HS    TS     0 PTAMS 0x00000000c1880010 NTAMS 0x00000000c1880010 space 1024K,  50% used [0x00000000c1800000, 0x00000000c1900000)
AC   0  O    TS     0 PTAMS 0x00000000c1a00000 NTAMS 0x00000000c1a00000 space 1024K, 100% used [0x00000000c1900000, 0x00000000c1a00000)
AC   0  O    TS     5 PTAMS 0x00000000c1a00000 NTAMS 0x00000000c1a00000 space 1024K, 100% used [0x00000000c1a00000, 0x00000000c1b00000)
AC   0  O    TS     0 PTAMS 0x00000000c1c00000 NTAMS 0x00000000c1c00000 space 1024K, 100% used [0x00000000c1b00000, 0x00000000c1c00000)
AC   0  O    TS     0 PTAMS 0x00000000c1d00000 NTAMS 0x00000000c1d00000 space 1024K, 100% used [0x00000000c1c00000, 0x00000000c1d00000)
AC   0  O    TS     0 PTAMS 0x00000000c1e00000 NTAMS 0x00000000c1e00000 space 1024K, 100% used [0x00000000c1d00000, 0x00000000c1e00000)
AC   0  O    TS     0 PTAMS 0x00000000c1f00000 NTAMS 0x00000000c1f00000 space 1024K, 100% used [0x00000000c1e00000, 0x00000000c1f00000)
AC   0  O    TS     3 PTAMS 0x00000000c1f00000 NTAMS 0x00000000c1f00000 space 1024K, 100% used [0x00000000c1f00000, 0x00000000c2000000)
AC   0  O    TS     5 PTAMS 0x00000000c2000000 NTAMS 0x00000000c2000000 space 1024K, 100% used [0x00000000c2000000, 0x00000000c2100000)
AC   0  O    TS     5 PTAMS 0x00000000c2100000 NTAMS 0x00000000c2100000 space 1024K,  50% used [0x00000000c2100000, 0x00000000c2200000)
AC   0  O    TS     3 PTAMS 0x00000000c2200000 NTAMS 0x00000000c2200000 space 1024K, 100% used [0x00000000c2200000, 0x00000000c2300000)
AC   0  O    TS     0 PTAMS 0x00000000c2400000 NTAMS 0x00000000c2400000 space 1024K, 100% used [0x00000000c2300000, 0x00000000c2400000)
AC   0  O    TS     3 PTAMS 0x00000000c2400000 NTAMS 0x00000000c2400000 space 1024K, 100% used [0x00000000c2400000, 0x00000000c2500000)
AC   0  O    TS     0 PTAMS 0x00000000c2600000 NTAMS 0x00000000c2600000 space 1024K, 100% used [0x00000000c2500000, 0x00000000c2600000)
AC   0  O    TS     0 PTAMS 0x00000000c2700000 NTAMS 0x00000000c2700000 space 1024K, 100% used [0x00000000c2600000, 0x00000000c2700000)
AC   0  O    TS     3 PTAMS 0x00000000c2700000 NTAMS 0x00000000c2700000 space 1024K, 100% used [0x00000000c2700000, 0x00000000c2800000)
AC   0  O    TS     3 PTAMS 0x00000000c2800000 NTAMS 0x00000000c2800000 space 1024K, 100% used [0x00000000c2800000, 0x00000000c2900000)
AC   0  O    TS     3 PTAMS 0x00000000c2900000 NTAMS 0x00000000c2900000 space 1024K, 100% used [0x00000000c2900000, 0x00000000c2a00000)
AC   0  F    TS     0 PTAMS 0x00000000c2a00000 NTAMS 0x00000000c2a00000 space 1024K,   0% used [0x00000000c2a00000, 0x00000000c2b00000)
AC   0  O    TS     3 PTAMS 0x00000000c2b00000 NTAMS 0x00000000c2b00000 space 1024K, 100% used [0x00000000c2b00000, 0x00000000c2c00000)
AC   0  O    TS     0 PTAMS 0x00000000c2d00000 NTAMS 0x00000000c2d00000 space 1024K, 100% used [0x00000000c2c00000, 0x00000000c2d00000)
AC   0  O    TS     3 PTAMS 0x00000000c2d00000 NTAMS 0x00000000c2d00000 space 1024K, 100% used [0x00000000c2d00000, 0x00000000c2e00000)
AC   0  F    TS     0 PTAMS 0x00000000c2e00000 NTAMS 0x00000000c2e00000 space 1024K,   0% used [0x00000000c2e00000, 0x00000000c2f00000)
AC   0  F    TS     0 PTAMS 0x00000000c2f00000 NTAMS 0x00000000c2f00000 space 1024K,   0% used [0x00000000c2f00000, 0x00000000c3000000)
AC   0  F    TS     0 PTAMS 0x00000000c3000000 NTAMS 0x00000000c3000000 space 1024K,   0% used [0x00000000c3000000, 0x00000000c3100000)
AC   0  F    TS     0 PTAMS 0x00000000c3100000 NTAMS 0x00000000c3100000 space 1024K,   0% used [0x00000000c3100000, 0x00000000c3200000)
AC   0  O    TS     0 PTAMS 0x00000000c3300000 NTAMS 0x00000000c3300000 space 1024K, 100% used [0x00000000c3200000, 0x00000000c3300000)
AC   0  O    TS     0 PTAMS 0x00000000c3400000 NTAMS 0x00000000c3400000 space 1024K, 100% used [0x00000000c3300000, 0x00000000c3400000)
AC   0  O    TS     0 PTAMS 0x00000000c3500000 NTAMS 0x00000000c3500000 space 1024K, 100% used [0x00000000c3400000, 0x00000000c3500000)
AC   0  O    TS     0 PTAMS 0x00000000c3600000 NTAMS 0x00000000c3600000 space 1024K, 100% used [0x00000000c3500000, 0x00000000c3600000)
AC   0  F    TS     0 PTAMS 0x00000000c3600000 NTAMS 0x00000000c3600000 space 1024K,   0% used [0x00000000c3600000, 0x00000000c3700000)
AC   0  O    TS     3 PTAMS 0x00000000c3700000 NTAMS 0x00000000c3700000 space 1024K, 100% used [0x00000000c3700000, 0x00000000c3800000)
AC   0  F    TS     0 PTAMS 0x00000000c3800000 NTAMS 0x00000000c3800000 space 1024K,   0% used [0x00000000c3800000, 0x00000000c3900000)
AC   0  F    TS     0 PTAMS 0x00000000c3900000 NTAMS 0x00000000c3900000 space 1024K,   0% used [0x00000000c3900000, 0x00000000c3a00000)
AC   0  F    TS     0 PTAMS 0x00000000c3a00000 NTAMS 0x00000000c3a00000 space 1024K,   0% used [0x00000000c3a00000, 0x00000000c3b00000)
AC   0  F    TS     0 PTAMS 0x00000000c3b00000 NTAMS 0x00000000c3b00000 space 1024K,   0% used [0x00000000c3b00000, 0x00000000c3c00000)
AC   0  F    TS     0 PTAMS 0x00000000c3c00000 NTAMS 0x00000000c3c00000 space 1024K,   0% used [0x00000000c3c00000, 0x00000000c3d00000)
AC   0  O    TS     3 PTAMS 0x00000000c3d00000 NTAMS 0x00000000c3d00000 space 1024K, 100% used [0x00000000c3d00000, 0x00000000c3e00000)
AC   0  O    TS     3 PTAMS 0x00000000c3e00000 NTAMS 0x00000000c3e00000 space 1024K, 100% used [0x00000000c3e00000, 0x00000000c3f00000)
AC   0  O    TS     5 PTAMS 0x00000000c3f00000 NTAMS 0x00000000c3f00000 space 1024K, 100% used [0x00000000c3f00000, 0x00000000c4000000)
AC   0  F    TS     0 PTAMS 0x00000000c4000000 NTAMS 0x00000000c4000000 space 1024K,   0% used [0x00000000c4000000, 0x00000000c4100000)
AC   0  O    TS     0 PTAMS 0x00000000c4200000 NTAMS 0x00000000c4200000 space 1024K, 100% used [0x00000000c4100000, 0x00000000c4200000)
AC   0  O    TS     0 PTAMS 0x00000000c4300000 NTAMS 0x00000000c4300000 space 1024K, 100% used [0x00000000c4200000, 0x00000000c4300000)
AC   0  O    TS     0 PTAMS 0x00000000c4400000 NTAMS 0x00000000c4400000 space 1024K, 100% used [0x00000000c4300000, 0x00000000c4400000)
AC   0  O    TS     0 PTAMS 0x00000000c4500000 NTAMS 0x00000000c4500000 space 1024K, 100% used [0x00000000c4400000, 0x00000000c4500000)
AC   0  F    TS     0 PTAMS 0x00000000c4500000 NTAMS 0x00000000c4500000 space 1024K,   0% used [0x00000000c4500000, 0x00000000c4600000)
AC   0  F    TS     0 PTAMS 0x00000000c4600000 NTAMS 0x00000000c4600000 space 1024K,   0% used [0x00000000c4600000, 0x00000000c4700000)
AC   0  F    TS     0 PTAMS 0x00000000c4700000 NTAMS 0x00000000c4700000 space 1024K,   0% used [0x00000000c4700000, 0x00000000c4800000)
AC   0  F    TS     0 PTAMS 0x00000000c4800000 NTAMS 0x00000000c4800000 space 1024K,   0% used [0x00000000c4800000, 0x00000000c4900000)
AC   0  F    TS     0 PTAMS 0x00000000c4900000 NTAMS 0x00000000c4900000 space 1024K,   0% used [0x00000000c4900000, 0x00000000c4a00000)
AC   0  F    TS     0 PTAMS 0x00000000c4a00000 NTAMS 0x00000000c4a00000 space 1024K,   0% used [0x00000000c4a00000, 0x00000000c4b00000)
AC   0  F    TS     0 PTAMS 0x00000000c4b00000 NTAMS 0x00000000c4b00000 space 1024K,   0% used [0x00000000c4b00000, 0x00000000c4c00000)
AC   0  F    TS     0 PTAMS 0x00000000c4c00000 NTAMS 0x00000000c4c00000 space 1024K,   0% used [0x00000000c4c00000, 0x00000000c4d00000)
AC   0  F    TS     0 PTAMS 0x00000000c4d00000 NTAMS 0x00000000c4d00000 space 1024K,   0% used [0x00000000c4d00000, 0x00000000c4e00000)
AC   0  F    TS     1 PTAMS 0x00000000c4e00000 NTAMS 0x00000000c4e00000 space 1024K,   0% used [0x00000000c4e00000, 0x00000000c4f00000)
AC   0  F    TS     1 PTAMS 0x00000000c4f00000 NTAMS 0x00000000c4f00000 space 1024K,   0% used [0x00000000c4f00000, 0x00000000c5000000)
AC   0  F    TS     0 PTAMS 0x00000000c5000000 NTAMS 0x00000000c5000000 space 1024K,   0% used [0x00000000c5000000, 0x00000000c5100000)
AC   0  F    TS     0 PTAMS 0x00000000c5100000 NTAMS 0x00000000c5100000 space 1024K,   0% used [0x00000000c5100000, 0x00000000c5200000)
AC   0  F    TS     0 PTAMS 0x00000000c5200000 NTAMS 0x00000000c5200000 space 1024K,   0% used [0x00000000c5200000, 0x00000000c5300000)
AC   0  F    TS     0 PTAMS 0x00000000c5300000 NTAMS 0x00000000c5300000 space 1024K,   0% used [0x00000000c5300000, 0x00000000c5400000)
AC   0  F    TS     1 PTAMS 0x00000000c5400000 NTAMS 0x00000000c5400000 space 1024K,   0% used [0x00000000c5400000, 0x00000000c5500000)
AC   0  F    TS     1 PTAMS 0x00000000c5500000 NTAMS 0x00000000c5500000 space 1024K,   0% used [0x00000000c5500000, 0x00000000c5600000)
AC   0  F    TS     1 PTAMS 0x00000000c5600000 NTAMS 0x00000000c5600000 space 1024K,   0% used [0x00000000c5600000, 0x00000000c5700000)
AC   0  F    TS     1 PTAMS 0x00000000c5700000 NTAMS 0x00000000c5700000 space 1024K,   0% used [0x00000000c5700000, 0x00000000c5800000)
AC   0  F    TS     0 PTAMS 0x00000000c5800000 NTAMS 0x00000000c5800000 space 1024K,   0% used [0x00000000c5800000, 0x00000000c5900000)
AC   0  F    TS     0 PTAMS 0x00000000c5900000 NTAMS 0x00000000c5900000 space 1024K,   0% used [0x00000000c5900000, 0x00000000c5a00000)
AC   0  F    TS     0 PTAMS 0x00000000c5a00000 NTAMS 0x00000000c5a00000 space 1024K,   0% used [0x00000000c5a00000, 0x00000000c5b00000)
AC   0  F    TS     0 PTAMS 0x00000000c5b00000 NTAMS 0x00000000c5b00000 space 1024K,   0% used [0x00000000c5b00000, 0x00000000c5c00000)
AC   0  F    TS     0 PTAMS 0x00000000c5c00000 NTAMS 0x00000000c5c00000 space 1024K,   0% used [0x00000000c5c00000, 0x00000000c5d00000)
AC   0  F    TS     0 PTAMS 0x00000000c5d00000 NTAMS 0x00000000c5d00000 space 1024K,   0% used [0x00000000c5d00000, 0x00000000c5e00000)
AC   0  F    TS     0 PTAMS 0x00000000c5e00000 NTAMS 0x00000000c5e00000 space 1024K,   0% used [0x00000000c5e00000, 0x00000000c5f00000)
AC   0  F    TS     0 PTAMS 0x00000000c5f00000 NTAMS 0x00000000c5f00000 space 1024K,   0% used [0x00000000c5f00000, 0x00000000c6000000)
AC   0  F    TS     0 PTAMS 0x00000000c6000000 NTAMS 0x00000000c6000000 space 1024K,   0% used [0x00000000c6000000, 0x00000000c6100000)
AC   0  F    TS     0 PTAMS 0x00000000c6100000 NTAMS 0x00000000c6100000 space 1024K,   0% used [0x00000000c6100000, 0x00000000c6200000)
AC   0  F    TS     0 PTAMS 0x00000000c6200000 NTAMS 0x00000000c6200000 space 1024K,   0% used [0x00000000c6200000, 0x00000000c6300000)
AC   0  F    TS     0 PTAMS 0x00000000c6300000 NTAMS 0x00000000c6300000 space 1024K,   0% used [0x00000000c6300000, 0x00000000c6400000)
AC   0  F    TS     0 PTAMS 0x00000000c6400000 NTAMS 0x00000000c6400000 space 1024K,   0% used [0x00000000c6400000, 0x00000000c6500000)
AC   0  F    TS     0 PTAMS 0x00000000c6500000 NTAMS 0x00000000c6500000 space 1024K,   0% used [0x00000000c6500000, 0x00000000c6600000)
AC   0  F    TS     0 PTAMS 0x00000000c6600000 NTAMS 0x00000000c6600000 space 1024K,   0% used [0x00000000c6600000, 0x00000000c6700000)
AC   0  F    TS     0 PTAMS 0x00000000c6700000 NTAMS 0x00000000c6700000 space 1024K,   0% used [0x00000000c6700000, 0x00000000c6800000)
AC   0  F    TS     0 PTAMS 0x00000000c6800000 NTAMS 0x00000000c6800000 space 1024K,   0% used [0x00000000c6800000, 0x00000000c6900000)
AC   0  F    TS     0 PTAMS 0x00000000c6900000 NTAMS 0x00000000c6900000 space 1024K,   0% used [0x00000000c6900000, 0x00000000c6a00000)
AC   0  F    TS     0 PTAMS 0x00000000c6a00000 NTAMS 0x00000000c6a00000 space 1024K,   0% used [0x00000000c6a00000, 0x00000000c6b00000)
AC   0  F    TS     0 PTAMS 0x00000000c6b00000 NTAMS 0x00000000c6b00000 space 1024K,   0% used [0x00000000c6b00000, 0x00000000c6c00000)
AC   0  F    TS     0 PTAMS 0x00000000c6c00000 NTAMS 0x00000000c6c00000 space 1024K,   0% used [0x00000000c6c00000, 0x00000000c6d00000)
AC   0  E    TS     0 PTAMS 0x00000000c6d00000 NTAMS 0x00000000c6d00000 space 1024K,  21% used [0x00000000c6d00000, 0x00000000c6e00000)
AC   0  E CS TS     0 PTAMS 0x00000000c6e00000 NTAMS 0x00000000c6e00000 space 1024K, 100% used [0x00000000c6e00000, 0x00000000c6f00000)
AC   0  E CS TS     0 PTAMS 0x00000000c6f00000 NTAMS 0x00000000c6f00000 space 1024K, 100% used [0x00000000c6f00000, 0x00000000c7000000)
AC   0  E CS TS     0 PTAMS 0x00000000c7000000 NTAMS 0x00000000c7000000 space 1024K, 100% used [0x00000000c7000000, 0x00000000c7100000)
AC   0  E CS TS     0 PTAMS 0x00000000c7100000 NTAMS 0x00000000c7100000 space 1024K, 100% used [0x00000000c7100000, 0x00000000c7200000)
AC   0  E CS TS     0 PTAMS 0x00000000c7200000 NTAMS 0x00000000c7200000 space 1024K, 100% used [0x00000000c7200000, 0x00000000c7300000)
AC   0  E CS TS     0 PTAMS 0x00000000c7300000 NTAMS 0x00000000c7300000 space 1024K, 100% used [0x00000000c7300000, 0x00000000c7400000)
AC   0  E CS TS     0 PTAMS 0x00000000c7400000 NTAMS 0x00000000c7400000 space 1024K, 100% used [0x00000000c7400000, 0x00000000c7500000)
AC   0  E CS TS     0 PTAMS 0x00000000c7500000 NTAMS 0x00000000c7500000 space 1024K, 100% used [0x00000000c7500000, 0x00000000c7600000)
AC   0  E CS TS     0 PTAMS 0x00000000c7600000 NTAMS 0x00000000c7600000 space 1024K, 100% used [0x00000000c7600000, 0x00000000c7700000)
AC   0  E CS TS     0 PTAMS 0x00000000c7700000 NTAMS 0x00000000c7700000 space 1024K, 100% used [0x00000000c7700000, 0x00000000c7800000)
AC   0  E CS TS     0 PTAMS 0x00000000c7800000 NTAMS 0x00000000c7800000 space 1024K, 100% used [0x00000000c7800000, 0x00000000c7900000)
AC   0  E CS TS     0 PTAMS 0x00000000c7900000 NTAMS 0x00000000c7900000 space 1024K, 100% used [0x00000000c7900000, 0x00000000c7a00000)
AC   0  E CS TS     0 PTAMS 0x00000000c7a00000 NTAMS 0x00000000c7a00000 space 1024K, 100% used [0x00000000c7a00000, 0x00000000c7b00000)
AC   0  E CS TS     0 PTAMS 0x00000000c7b00000 NTAMS 0x00000000c7b00000 space 1024K, 100% used [0x00000000c7b00000, 0x00000000c7c00000)
AC   0  E CS TS     0 PTAMS 0x00000000c7c00000 NTAMS 0x00000000c7c00000 space 1024K, 100% used [0x00000000c7c00000, 0x00000000c7d00000)
AC   0  E CS TS     0 PTAMS 0x00000000c7d00000 NTAMS 0x00000000c7d00000 space 1024K, 100% used [0x00000000c7d00000, 0x00000000c7e00000)
AC   0  E CS TS     0 PTAMS 0x00000000c7e00000 NTAMS 0x00000000c7e00000 space 1024K, 100% used [0x00000000c7e00000, 0x00000000c7f00000)
AC   0  E CS TS     0 PTAMS 0x00000000c7f00000 NTAMS 0x00000000c7f00000 space 1024K, 100% used [0x00000000c7f00000, 0x00000000c8000000)
AC   0  E CS TS     0 PTAMS 0x00000000c8000000 NTAMS 0x00000000c8000000 space 1024K, 100% used [0x00000000c8000000, 0x00000000c8100000)
AC   0  E CS TS     0 PTAMS 0x00000000c8100000 NTAMS 0x00000000c8100000 space 1024K, 100% used [0x00000000c8100000, 0x00000000c8200000)
AC   0  E CS TS     0 PTAMS 0x00000000c8200000 NTAMS 0x00000000c8200000 space 1024K, 100% used [0x00000000c8200000, 0x00000000c8300000)
AC   0  E CS TS     0 PTAMS 0x00000000c8300000 NTAMS 0x00000000c8300000 space 1024K, 100% used [0x00000000c8300000, 0x00000000c8400000)
AC   0  E CS TS     0 PTAMS 0x00000000c8400000 NTAMS 0x00000000c8400000 space 1024K, 100% used [0x00000000c8400000, 0x00000000c8500000)
AC   0  E CS TS     0 PTAMS 0x00000000c8500000 NTAMS 0x00000000c8500000 space 1024K, 100% used [0x00000000c8500000, 0x00000000c8600000)
AC   0  E CS TS     0 PTAMS 0x00000000c8600000 NTAMS 0x00000000c8600000 space 1024K, 100% used [0x00000000c8600000, 0x00000000c8700000)
AC   0  E CS TS     0 PTAMS 0x00000000c8700000 NTAMS 0x00000000c8700000 space 1024K, 100% used [0x00000000c8700000, 0x00000000c8800000)
AC   0  E CS TS     0 PTAMS 0x00000000c8800000 NTAMS 0x00000000c8800000 space 1024K, 100% used [0x00000000c8800000, 0x00000000c8900000)
AC   0  S CS TS     5 PTAMS 0x00000000c8900000 NTAMS 0x00000000c8900000 space 1024K, 100% used [0x00000000c8900000, 0x00000000c8a00000)
AC   0  E CS TS     0 PTAMS 0x00000000c8a00000 NTAMS 0x00000000c8a00000 space 1024K, 100% used [0x00000000c8a00000, 0x00000000c8b00000)
AC   0  O    TS     0 PTAMS 0x00000000c8c00000 NTAMS 0x00000000c8c00000 space 1024K, 100% used [0x00000000c8b00000, 0x00000000c8c00000)
AC   0  O    TS     0 PTAMS 0x00000000c8d00000 NTAMS 0x00000000c8d00000 space 1024K, 100% used [0x00000000c8c00000, 0x00000000c8d00000)
AC   0  O    TS     0 PTAMS 0x00000000c8e00000 NTAMS 0x00000000c8e00000 space 1024K, 100% used [0x00000000c8d00000, 0x00000000c8e00000)
AC   0  O    TS     0 PTAMS 0x00000000c8f00000 NTAMS 0x00000000c8f00000 space 1024K, 100% used [0x00000000c8e00000, 0x00000000c8f00000)
AC   0  O    TS     0 PTAMS 0x00000000c9000000 NTAMS 0x00000000c9000000 space 1024K, 100% used [0x00000000c8f00000, 0x00000000c9000000)
AC   0  O    TS     0 PTAMS 0x00000000c9100000 NTAMS 0x00000000c9100000 space 1024K, 100% used [0x00000000c9000000, 0x00000000c9100000)
AC   0  O    TS     0 PTAMS 0x00000000c9200000 NTAMS 0x00000000c9200000 space 1024K, 100% used [0x00000000c9100000, 0x00000000c9200000)
AC   0  O    TS     0 PTAMS 0x00000000c9300000 NTAMS 0x00000000c9300000 space 1024K, 100% used [0x00000000c9200000, 0x00000000c9300000)
AC   0  O    TS     0 PTAMS 0x00000000c9400000 NTAMS 0x00000000c9400000 space 1024K, 100% used [0x00000000c9300000, 0x00000000c9400000)
AC   0  O    TS     0 PTAMS 0x00000000c9500000 NTAMS 0x00000000c9500000 space 1024K, 100% used [0x00000000c9400000, 0x00000000c9500000)
AC   0  O    TS     0 PTAMS 0x00000000c9600000 NTAMS 0x00000000c9600000 space 1024K, 100% used [0x00000000c9500000, 0x00000000c9600000)
AC   0  O    TS     0 PTAMS 0x00000000c9700000 NTAMS 0x00000000c9700000 space 1024K, 100% used [0x00000000c9600000, 0x00000000c9700000)
AC   0  O    TS     0 PTAMS 0x00000000c9800000 NTAMS 0x00000000c9800000 space 1024K, 100% used [0x00000000c9700000, 0x00000000c9800000)
AC   0  E CS TS     0 PTAMS 0x00000000c9800000 NTAMS 0x00000000c9800000 space 1024K, 100% used [0x00000000c9800000, 0x00000000c9900000)
AC   0  E CS TS     0 PTAMS 0x00000000c9900000 NTAMS 0x00000000c9900000 space 1024K, 100% used [0x00000000c9900000, 0x00000000c9a00000)
AC   0  O    TS     0 PTAMS 0x00000000c9b00000 NTAMS 0x00000000c9b00000 space 1024K, 100% used [0x00000000c9a00000, 0x00000000c9b00000)
AC   0  E CS TS     0 PTAMS 0x00000000c9b00000 NTAMS 0x00000000c9b00000 space 1024K, 100% used [0x00000000c9b00000, 0x00000000c9c00000)
AC   0  E CS TS     0 PTAMS 0x00000000c9c00000 NTAMS 0x00000000c9c00000 space 1024K, 100% used [0x00000000c9c00000, 0x00000000c9d00000)
AC   0  E CS TS     3 PTAMS 0x00000000c9d00000 NTAMS 0x00000000c9d00000 space 1024K, 100% used [0x00000000c9d00000, 0x00000000c9e00000)
AC   0  E CS TS     0 PTAMS 0x00000000c9e00000 NTAMS 0x00000000c9e00000 space 1024K, 100% used [0x00000000c9e00000, 0x00000000c9f00000)

Card table byte_map: [0x00000000131d0000,0x00000000133d0000] byte_map_base: 0x0000000012bd0000

Marking Bits (Prev, Next): (CMBitMap*) 0x0000000002be89a0, (CMBitMap*) 0x0000000002be8948
 Prev Bits: [0x00000000145d0000, 0x00000000155d0000)
 Next Bits: [0x00000000135d0000, 0x00000000145d0000)

Polling page: 0x0000000000f20000

CodeCache: size=245760Kb used=24423Kb max_used=24770Kb free=221336Kb
 bounds [0x0000000002cb0000, 0x0000000004500000, 0x0000000011cb0000]
 total_blobs=7398 nmethods=6766 adapters=543
 compilation: enabled

Compilation events (10 events):
Event: 52.711 Thread 0x00000000188c7800 8101   !   4       org.eclipse.osgi.internal.weaving.WeavingHookConfigurator::processClass (245 bytes)
Event: 52.725 Thread 0x00000000188b9000 8103       3       java.util.Formatter::checkText (58 bytes)
Event: 52.726 Thread 0x00000000188b9000 nmethod 8103 0x000000000334c190 code [0x000000000334c380, 0x000000000334cd68]
Event: 52.727 Thread 0x00000000188b9000 8104       1       java.util.Formatter$FixedString::index (3 bytes)
Event: 52.727 Thread 0x00000000188b9000 nmethod 8104 0x00000000033cd110 code [0x00000000033cd260, 0x00000000033cd370]
Event: 52.728 Thread 0x00000000188b9000 8105       3       java.lang.StringBuilder::append (8 bytes)
Event: 52.728 Thread 0x00000000188b9000 nmethod 8105 0x00000000041f8310 code [0x00000000041f8480, 0x00000000041f8608]
Event: 52.914 Thread 0x00000000188c7800 nmethod 8101 0x00000000041fe890 code [0x00000000041feb40, 0x0000000004202600]
Event: 52.915 Thread 0x00000000188c7800 8102   !   4       org.eclipse.osgi.internal.weaving.WovenClassImpl::callHooks (407 bytes)
Event: 52.921 Thread 0x00000000188c7800 nmethod 8102 0x0000000003d5e890 code [0x0000000003d5ea20, 0x0000000003d5ed48]

GC Heap History (10 events):
Event: 16.205 GC heap before
{Heap before GC invocations=30 (full 0):
 garbage-first heap   total 162816K, used 133632K [0x00000000c0000000, 0x00000000c01004f8, 0x0000000100000000)
  region size 1024K, 57 young (58368K), 1 survivors (1024K)
 Metaspace       used 52980K, capacity 56124K, committed 56476K, reserved 1099776K
  class space    used 5584K, capacity 6501K, committed 6604K, reserved 1048576K
Event: 16.216 GC heap after
Heap after GC invocations=31 (full 0):
 garbage-first heap   total 162816K, used 78550K [0x00000000c0000000, 0x00000000c01004f8, 0x0000000100000000)
  region size 1024K, 4 young (4096K), 4 survivors (4096K)
 Metaspace       used 52980K, capacity 56124K, committed 56476K, reserved 1099776K
  class space    used 5584K, capacity 6501K, committed 6604K, reserved 1048576K
}
Event: 17.119 GC heap before
{Heap before GC invocations=31 (full 0):
 garbage-first heap   total 162816K, used 135894K [0x00000000c0000000, 0x00000000c01004f8, 0x0000000100000000)
  region size 1024K, 60 young (61440K), 4 survivors (4096K)
 Metaspace       used 54246K, capacity 57492K, committed 57628K, reserved 1099776K
  class space    used 5694K, capacity 6690K, committed 6732K, reserved 1048576K
Event: 17.130 GC heap after
Heap after GC invocations=32 (full 0):
 garbage-first heap   total 162816K, used 80336K [0x00000000c0000000, 0x00000000c01004f8, 0x0000000100000000)
  region size 1024K, 5 young (5120K), 5 survivors (5120K)
 Metaspace       used 54246K, capacity 57492K, committed 57628K, reserved 1099776K
  class space    used 5694K, capacity 6690K, committed 6732K, reserved 1048576K
}
Event: 52.264 GC heap before
{Heap before GC invocations=33 (full 0):
 garbage-first heap   total 162816K, used 136656K [0x00000000c0000000, 0x00000000c01004f8, 0x0000000100000000)
  region size 1024K, 61 young (62464K), 5 survivors (5120K)
 Metaspace       used 55679K, capacity 59036K, committed 59292K, reserved 1101824K
  class space    used 5811K, capacity 6836K, committed 6860K, reserved 1048576K
Event: 52.281 GC heap after
Heap after GC invocations=34 (full 0):
 garbage-first heap   total 162816K, used 80384K [0x00000000c0000000, 0x00000000c01004f8, 0x0000000100000000)
  region size 1024K, 6 young (6144K), 6 survivors (6144K)
 Metaspace       used 55679K, capacity 59036K, committed 59292K, reserved 1101824K
  class space    used 5811K, capacity 6836K, committed 6860K, reserved 1048576K
}
Event: 52.297 GC heap before
{Heap before GC invocations=34 (full 0):
 garbage-first heap   total 162816K, used 81408K [0x00000000c0000000, 0x00000000c01004f8, 0x0000000100000000)
  region size 1024K, 7 young (7168K), 6 survivors (6144K)
 Metaspace       used 55710K, capacity 59068K, committed 59420K, reserved 1101824K
  class space    used 5815K, capacity 6868K, committed 6988K, reserved 1048576K
Event: 52.321 GC heap after
Heap after GC invocations=35 (full 0):
 garbage-first heap   total 162816K, used 71849K [0x00000000c0000000, 0x00000000c01004f8, 0x0000000100000000)
  region size 1024K, 1 young (1024K), 1 survivors (1024K)
 Metaspace       used 55710K, capacity 59068K, committed 59420K, reserved 1101824K
  class space    used 5815K, capacity 6868K, committed 6988K, reserved 1048576K
}
Event: 52.506 GC heap before
{Heap before GC invocations=35 (full 0):
 garbage-first heap   total 162816K, used 77993K [0x00000000c0000000, 0x00000000c01004f8, 0x0000000100000000)
  region size 1024K, 7 young (7168K), 1 survivors (1024K)
 Metaspace       used 55878K, capacity 59292K, committed 59420K, reserved 1101824K
  class space    used 5841K, capacity 6900K, committed 6988K, reserved 1048576K
Event: 52.519 GC heap after
Heap after GC invocations=36 (full 0):
 garbage-first heap   total 162816K, used 72704K [0x00000000c0000000, 0x00000000c01004f8, 0x0000000100000000)
  region size 1024K, 1 young (1024K), 1 survivors (1024K)
 Metaspace       used 55878K, capacity 59292K, committed 59420K, reserved 1101824K
  class space    used 5841K, capacity 6900K, committed 6988K, reserved 1048576K
}

Deoptimization events (10 events):
Event: 33.616 Thread 0x0000000022093800 Uncommon trap: reason=unstable_if action=reinterpret pc=0x00000000038f78c4 method=org.eclipse.jdt.internal.core.util.Util.equalArraysOrNull([Ljava/lang/Object;[Ljava/lang/Object;)Z @ 23
Event: 34.224 Thread 0x000000001a9a3000 Uncommon trap: reason=predicate action=maybe_recompile pc=0x000000000305d418 method=org.eclipse.jdt.internal.compiler.parser.Scanner.scanIdentifierOrKeyword()I @ 33
Event: 34.300 Thread 0x000000001a9a3000 Uncommon trap: reason=predicate action=maybe_recompile pc=0x0000000004429a00 method=org.eclipse.jdt.internal.compiler.parser.Scanner.scanIdentifierOrKeyword()I @ 33
Event: 49.228 Thread 0x000000001a9a8000 Uncommon trap: reason=unstable_if action=reinterpret pc=0x0000000003dfcc50 method=com.google.gson.stream.JsonReader.nextQuotedValue(C)Ljava/lang/String; @ 81
Event: 52.346 Thread 0x000000002209a000 Uncommon trap: reason=unstable_if action=reinterpret pc=0x0000000004139b7c method=java.util.concurrent.ConcurrentHashMap.get(Ljava/lang/Object;)Ljava/lang/Object; @ 152
Event: 52.347 Thread 0x000000001a9a8000 Uncommon trap: reason=unstable_if action=reinterpret pc=0x0000000003e120b4 method=com.google.gson.stream.JsonReader.nextQuotedValue(C)Ljava/lang/String; @ 81
Event: 52.524 Thread 0x000000002209a000 Uncommon trap: reason=unstable_if action=reinterpret pc=0x0000000003defe40 method=com.google.gson.stream.JsonReader.nextQuotedValue(C)Ljava/lang/String; @ 81
Event: 52.712 Thread 0x0000000022093800 Uncommon trap: reason=unstable_if action=reinterpret pc=0x0000000003e15dd4 method=java.util.HashMap.removeNode(ILjava/lang/Object;Ljava/lang/Object;ZZ)Ljava/util/HashMap$Node; @ 71
Event: 52.723 Thread 0x0000000022093800 Uncommon trap: reason=class_check action=maybe_recompile pc=0x0000000003dd9fcc method=com.google.gson.internal.bind.ArrayTypeAdapter.read(Lcom/google/gson/stream/JsonReader;)Ljava/lang/Object; @ 1
Event: 52.723 Thread 0x0000000022093800 Uncommon trap: reason=class_check action=maybe_recompile pc=0x0000000003dd9fcc method=com.google.gson.internal.bind.ArrayTypeAdapter.read(Lcom/google/gson/stream/JsonReader;)Ljava/lang/Object; @ 1

Classes redefined (0 events):
No events

Internal exceptions (10 events):
Event: 47.246 Thread 0x000000002209a000 Implicit null exception at 0x0000000003ffb8a4 to 0x0000000003ffb94f
Event: 47.246 Thread 0x000000002209a000 Exception <a 'java/lang/NullPointerException'> (0x00000000c5b99cc0) thrown at [C:\re\workspace\8-2-build-windows-amd64-cygwin\jdk8u202\12323\hotspot\src\share\vm\runtime\sharedRuntime.cpp, line 605]
Event: 47.264 Thread 0x000000002209a000 Exception <a 'java/lang/ArrayIndexOutOfBoundsException'> (0x00000000c5a5ce30) thrown at [C:\re\workspace\8-2-build-windows-amd64-cygwin\jdk8u202\12323\hotspot\src\share\vm\runtime\sharedRuntime.cpp, line 605]
Event: 47.264 Thread 0x000000002209a000 Exception <a 'java/lang/ArrayIndexOutOfBoundsException'> (0x00000000c5a5d0c0) thrown at [C:\re\workspace\8-2-build-windows-amd64-cygwin\jdk8u202\12323\hotspot\src\share\vm\runtime\sharedRuntime.cpp, line 605]
Event: 47.271 Thread 0x000000002209a000 Exception <a 'java/lang/ArrayIndexOutOfBoundsException'> (0x00000000c5aafa60) thrown at [C:\re\workspace\8-2-build-windows-amd64-cygwin\jdk8u202\12323\hotspot\src\share\vm\runtime\sharedRuntime.cpp, line 605]
Event: 47.271 Thread 0x000000002209a000 Exception <a 'java/lang/ArrayIndexOutOfBoundsException'> (0x00000000c5ad4ef8) thrown at [C:\re\workspace\8-2-build-windows-amd64-cygwin\jdk8u202\12323\hotspot\src\share\vm\runtime\sharedRuntime.cpp, line 605]
Event: 47.271 Thread 0x000000002209a000 Exception <a 'java/lang/ArrayIndexOutOfBoundsException'> (0x00000000c5ad54a0) thrown at [C:\re\workspace\8-2-build-windows-amd64-cygwin\jdk8u202\12323\hotspot\src\share\vm\runtime\sharedRuntime.cpp, line 605]
Event: 52.296 Thread 0x000000002209a000 Exception <a 'java/lang/ArrayIndexOutOfBoundsException'> (0x00000000c9eea880) thrown at [C:\re\workspace\8-2-build-windows-amd64-cygwin\jdk8u202\12323\hotspot\src\share\vm\runtime\sharedRuntime.cpp, line 605]
Event: 52.342 Thread 0x000000002209a000 Exception <a 'java/io/FileNotFoundException'> (0x00000000c9ba8768) thrown at [C:\re\workspace\8-2-build-windows-amd64-cygwin\jdk8u202\12323\hotspot\src\share\vm\prims\jni.cpp, line 710]
Event: 52.675 Thread 0x0000000022094000 Exception <a 'java/io/FileNotFoundException'> (0x00000000c7974260) thrown at [C:\re\workspace\8-2-build-windows-amd64-cygwin\jdk8u202\12323\hotspot\src\share\vm\prims\jni.cpp, line 710]

Events (10 events):
Event: 52.726 Executing VM operation: RevokeBias
Event: 52.727 Executing VM operation: RevokeBias done
Event: 52.746 loading class java/lang/ProcessBuilder
Event: 52.746 loading class java/lang/ProcessBuilder done
Event: 52.746 loading class java/lang/ProcessImpl
Event: 52.747 loading class java/lang/Process
Event: 52.747 loading class java/lang/Process done
Event: 52.747 loading class java/lang/ProcessImpl done
Event: 52.779 loading class java/lang/ProcessImpl$2
Event: 52.779 loading class java/lang/ProcessImpl$2 done


Dynamic libraries:
0x00007ff709360000 - 0x00007ff709397000 	C:\Program Files\Java\jdk1.8.0_202\bin\java.exe
0x00007ff908640000 - 0x00007ff908821000 	C:\WINDOWS\SYSTEM32\ntdll.dll
0x00007ff908520000 - 0x00007ff9085d1000 	C:\WINDOWS\System32\KERNEL32.DLL
0x00007ff905530000 - 0x00007ff9057a3000 	C:\WINDOWS\System32\KERNELBASE.dll
0x00007ff905f50000 - 0x00007ff905ff1000 	C:\WINDOWS\System32\ADVAPI32.dll
0x00007ff9064f0000 - 0x00007ff90658e000 	C:\WINDOWS\System32\msvcrt.dll
0x00007ff906fb0000 - 0x00007ff90700b000 	C:\WINDOWS\System32\sechost.dll
0x00007ff9063c0000 - 0x00007ff9064e4000 	C:\WINDOWS\System32\RPCRT4.dll
0x00007ff906020000 - 0x00007ff9061b0000 	C:\WINDOWS\System32\USER32.dll
0x00007ff904b00000 - 0x00007ff904b20000 	C:\WINDOWS\System32\win32u.dll
0x00007ff906c20000 - 0x00007ff906c48000 	C:\WINDOWS\System32\GDI32.dll
0x00007ff905330000 - 0x00007ff9054c2000 	C:\WINDOWS\System32\gdi32full.dll
0x00007ff9049e0000 - 0x00007ff904a7f000 	C:\WINDOWS\System32\msvcp_win.dll
0x00007ff905230000 - 0x00007ff905328000 	C:\WINDOWS\System32\ucrtbase.dll
0x00007ff8fa000000 - 0x00007ff8fa269000 	C:\WINDOWS\WinSxS\amd64_microsoft.windows.common-controls_6595b64144ccf1df_6.0.17134.706_none_fb43a2cb30647007\COMCTL32.dll
0x00007ff906c80000 - 0x00007ff906fa2000 	C:\WINDOWS\System32\combase.dll
0x00007ff904a80000 - 0x00007ff904afa000 	C:\WINDOWS\System32\bcryptPrimitives.dll
0x00007ff906c50000 - 0x00007ff906c7d000 	C:\WINDOWS\System32\IMM32.DLL
0x0000000056a30000 - 0x0000000056b02000 	C:\Program Files\Java\jdk1.8.0_202\jre\bin\msvcr100.dll
0x0000000056180000 - 0x0000000056a25000 	C:\Program Files\Java\jdk1.8.0_202\jre\bin\server\jvm.dll
0x00007ff906630000 - 0x00007ff906638000 	C:\WINDOWS\System32\PSAPI.DLL
0x00007ff903840000 - 0x00007ff903849000 	C:\WINDOWS\SYSTEM32\WSOCK32.dll
0x00007ff907010000 - 0x00007ff90707c000 	C:\WINDOWS\System32\WS2_32.dll
0x00007ff902690000 - 0x00007ff9026b3000 	C:\WINDOWS\SYSTEM32\WINMM.dll
0x00007ff8fafa0000 - 0x00007ff8fafaa000 	C:\WINDOWS\SYSTEM32\VERSION.dll
0x00007ff902630000 - 0x00007ff90265a000 	C:\WINDOWS\SYSTEM32\winmmbase.dll
0x00007ff9057b0000 - 0x00007ff9057f9000 	C:\WINDOWS\System32\cfgmgr32.dll
0x00007ff8f5c10000 - 0x00007ff8f5c1f000 	C:\Program Files\Java\jdk1.8.0_202\jre\bin\verify.dll
0x00007ff8f4a30000 - 0x00007ff8f4a59000 	C:\Program Files\Java\jdk1.8.0_202\jre\bin\java.dll
0x00007ff8ef090000 - 0x00007ff8ef0b3000 	C:\Program Files\Java\jdk1.8.0_202\jre\bin\instrument.dll
0x00007ff8f4a10000 - 0x00007ff8f4a26000 	C:\Program Files\Java\jdk1.8.0_202\jre\bin\zip.dll
0x00007ff9070e0000 - 0x00007ff908520000 	C:\WINDOWS\System32\SHELL32.dll
0x00007ff906310000 - 0x00007ff9063b9000 	C:\WINDOWS\System32\shcore.dll
0x00007ff904b20000 - 0x00007ff90522d000 	C:\WINDOWS\System32\windows.storage.dll
0x00007ff905ef0000 - 0x00007ff905f41000 	C:\WINDOWS\System32\shlwapi.dll
0x00007ff9049c0000 - 0x00007ff9049d1000 	C:\WINDOWS\System32\kernel.appcore.dll
0x00007ff904930000 - 0x00007ff90494f000 	C:\WINDOWS\System32\profapi.dll
0x00007ff904950000 - 0x00007ff90499c000 	C:\WINDOWS\System32\powrprof.dll
0x00007ff904920000 - 0x00007ff90492a000 	C:\WINDOWS\System32\FLTLIB.DLL
0x00007ff904350000 - 0x00007ff904367000 	C:\WINDOWS\SYSTEM32\CRYPTSP.dll
0x00007ff903d80000 - 0x00007ff903db3000 	C:\WINDOWS\system32\rsaenh.dll
0x00007ff904480000 - 0x00007ff9044a5000 	C:\WINDOWS\SYSTEM32\bcrypt.dll
0x00007ff904850000 - 0x00007ff904878000 	C:\WINDOWS\SYSTEM32\USERENV.dll
0x00007ff904370000 - 0x00007ff90437b000 	C:\WINDOWS\SYSTEM32\CRYPTBASE.dll
0x00007ff900a00000 - 0x00007ff900a1a000 	C:\Program Files\Java\jdk1.8.0_202\jre\bin\net.dll
0x00007ff8f69f0000 - 0x00007ff8f6bb8000 	C:\WINDOWS\SYSTEM32\urlmon.dll
0x00007ff8f7f30000 - 0x00007ff8f81d6000 	C:\WINDOWS\SYSTEM32\iertutil.dll
0x00007ff9041a0000 - 0x00007ff904206000 	C:\WINDOWS\system32\mswsock.dll
0x00007ff903f20000 - 0x00007ff903f58000 	C:\WINDOWS\SYSTEM32\IPHLPAPI.DLL
0x00007ff9067c0000 - 0x00007ff9067c8000 	C:\WINDOWS\System32\NSI.dll
0x00007ff8fab20000 - 0x00007ff8fab36000 	C:\WINDOWS\SYSTEM32\dhcpcsvc6.DLL
0x00007ff8fa620000 - 0x00007ff8fa63a000 	C:\WINDOWS\SYSTEM32\dhcpcsvc.DLL
0x00007ff8fdaa0000 - 0x00007ff8fdab2000 	C:\Program Files\Java\jdk1.8.0_202\jre\bin\nio.dll
0x00007ff8eecd0000 - 0x00007ff8eecf9000 	C:\Users\mgltorsa\.vscode\extensions\redhat.java-0.44.0\server\config_win\org.eclipse.equinox.launcher\org.eclipse.equinox.launcher.win32.win32.x86_64_1.1.1000.v20190125-2016\eclipse_1801.dll
0x00007ff8f1450000 - 0x00007ff8f1461000 	C:\Users\mgltorsa\.vscode\extensions\redhat.java-0.44.0\server\config_win\org.eclipse.osgi\20\0\.cp\jWinHttp-1.0.0.dll
0x00007ff905ca0000 - 0x00007ff905df1000 	C:\WINDOWS\System32\ole32.dll
0x00007ff8f7600000 - 0x00007ff8f76dd000 	C:\WINDOWS\SYSTEM32\WINHTTP.dll
0x00007ff8f5ba0000 - 0x00007ff8f5bc4000 	C:\Program Files\Java\jdk1.8.0_202\jre\bin\sunec.dll

VM Arguments:
jvm_args: -Declipse.application=org.eclipse.jdt.ls.core.id1 -Dosgi.bundles.defaultStartLevel=4 -Declipse.product=org.eclipse.jdt.ls.core.product -Dfile.encoding=utf8 -DwatchParentProcess=false -Xverify:none -Xmx1G -XX:+UseG1GC -XX:+UseStringDeduplication -javaagent:C:\Users\mgltorsa\.vscode\extensions\gabrielbb.vscode-lombok-0.9.8/server/lombok.jar 
java_command: C:\Users\mgltorsa\.vscode\extensions\redhat.java-0.44.0\server\plugins\org.eclipse.equinox.launcher_1.5.300.v20190213-1655.jar -configuration C:\Users\mgltorsa\.vscode\extensions\redhat.java-0.44.0\server\config_win -data c:\Users\mgltorsa\AppData\Roaming\Code\User\workspaceStorage\e37d06e9978b83ffe8880e840dde96ad\redhat.java\jdt_ws
java_class_path (initial): C:\Users\mgltorsa\.vscode\extensions\redhat.java-0.44.0\server\plugins\org.eclipse.equinox.launcher_1.5.300.v20190213-1655.jar;C:\Users\mgltorsa\.vscode\extensions\gabrielbb.vscode-lombok-0.9.8/server/lombok.jar
Launcher Type: SUN_STANDARD

Environment Variables:
JAVA_HOME=C:\Program Files\Java\jdk1.8.0_202
PATH=C:\Program Files (x86)\Intel\iCLS Client\;C:\Program Files\Intel\iCLS Client\;C:\Windows\system32;C:\Windows;C:\Windows\System32\Wbem;C:\Windows\System32\WindowsPowerShell\v1.0\;C:\Program Files (x86)\NVIDIA Corporation\PhysX\Common;C:\Program Files (x86)\Intel\Intel(R) Management Engine Components\DAL;C:\Program Files\Intel\Intel(R) Management Engine Components\DAL;C:\Program Files (x86)\Intel\Intel(R) Management Engine Components\IPT;C:\Program Files\Intel\Intel(R) Management Engine Components\IPT;C:\WINDOWS\system32;C:\WINDOWS;C:\WINDOWS\System32\Wbem;C:\WINDOWS\System32\WindowsPowerShell\v1.0\;C:\WINDOWS\System32\OpenSSH\;C:\Program Files\Java\jdk1.8.0_202\bin;C:\opt\apache-maven-3.6.0\bin;C:\Program Files (x86)\Yarn\bin\;C:\Program Files\Git\cmd;C:\Program Files\Microsoft VS Code\bin;C:\Program Files\Apache Software Foundation\Tomcat 8.5\bin;C:\Program Files\Apache Software Foundation\Tomcat 8.5;C:\ProgramData\Anaconda3;C:\ProgramData\Anaconda3\Scripts;C:\ProgramData\Anaconda3\Library\bin;C:\opt\frascati-runtime-1.4\bin;C:\Users\mgltorsa\Documents\Workspace\opt\bin;C:\Program Files\nodejs\;C:\opt\android-sdk\platform-tools;C:\opt\gradle-5.3.1\bin;C:\Users\mgltorsa\AppData\Local\Microsoft\WindowsApps;C:\Users\mgltorsa\Documents\Workspace\var;C:\Users\mgltorsa\AppData\Local\Yarn\bin;C:\Users\mgltorsa\AppData\Roaming\npm;
USERNAME=mgltorsa
OS=Windows_NT
PROCESSOR_IDENTIFIER=Intel64 Family 6 Model 78 Stepping 3, GenuineIntel



---------------  S Y S T E M  ---------------

OS: Windows 10.0 , 64 bit Build 17134 (10.0.17134.706)

CPU:total 4 (initial active 4) (2 cores per cpu, 2 threads per core) family 6 model 78 stepping 3, cmov, cx8, fxsr, mmx, sse, sse2, sse3, ssse3, sse4.1, sse4.2, popcnt, avx, avx2, aes, clmul, erms, 3dnowpref, lzcnt, ht, tsc, tscinvbit, bmi1, bmi2, adx

Memory: 4k page, physical 8279128k(1441852k free), swap 8279128k(6024k free)

vm_info: Java HotSpot(TM) 64-Bit Server VM (25.202-b08) for windows-amd64 JRE (1.8.0_202-b08), built on Dec 15 2018 19:54:30 by "java_re" with MS VC++ 10.0 (VS2010)

time: Mon May 06 14:04:02 2019
timezone: Hora est. Pacífico, Sudamérica
elapsed time: 53 seconds (0d 0h 0m 53s)

